<?xml version="1.0" encoding="UTF-8"?>
<!-- Generated by org.testng.reporters.JUnitReportReporter -->
<testsuite hostname="inbasdlp04762" name="testScripts.SearchScripts" tests="2" failures="0" timestamp="20 Aug 2018 07:03:46 GMT" time="79.749" errors="0">
  <testcase name="login_NP6457_01" time="49.404" classname="testScripts.SearchScripts"/>
  <testcase name="search_NP6361_01" time="30.345" classname="testScripts.SearchScripts"/>
</testsuite> <!-- testScripts.SearchScripts -->
