<?xml version="1.0" encoding="UTF-8"?>
<!-- Generated by org.testng.reporters.JUnitReportReporter -->
<testsuite hostname="inbasdlp04762" name="testScripts.SearchScript" tests="2" failures="0" timestamp="27 Jun 2019 11:45:38 GMT" time="149.984" errors="0">
  <testcase name="search_NP6599_04" time="103.256" classname="testScripts.SearchScript"/>
  <testcase name="login_NP6457_01" time="46.728" classname="testScripts.SearchScript"/>
</testsuite> <!-- testScripts.SearchScript -->
