<?xml version="1.0" encoding="UTF-8"?>
<!-- Generated by org.testng.reporters.JUnitReportReporter -->
<testsuite hostname="inbasdlp04762" name="testScripts.AgendaViewScript" tests="12" failures="0" timestamp="6 Feb 2019 20:50:34 GMT" time="615.668" errors="0">
  <testcase name="agendaView_NP6363_02" time="87.190" classname="testScripts.AgendaViewScript"/>
  <testcase name="agendaView_NP6363_06" time="46.828" classname="testScripts.AgendaViewScript"/>
  <testcase name="agendaView_NP6363_05" time="59.160" classname="testScripts.AgendaViewScript"/>
  <testcase name="agendaView_NP6468_01" time="5.381" classname="testScripts.AgendaViewScript"/>
  <testcase name="agendaView_NP6458_03" time="53.878" classname="testScripts.AgendaViewScript"/>
  <testcase name="agendaView_NP6458_06" time="57.947" classname="testScripts.AgendaViewScript"/>
  <testcase name="agendaView_NP6458_05" time="58.036" classname="testScripts.AgendaViewScript"/>
  <testcase name="agendaView_NP6458_01" time="41.902" classname="testScripts.AgendaViewScript"/>
  <testcase name="agendaView_NP6458_04" time="57.244" classname="testScripts.AgendaViewScript"/>
  <testcase name="agendaView_NP6468_02" time="0.270" classname="testScripts.AgendaViewScript"/>
  <testcase name="agendaView_NP6363_04" time="92.278" classname="testScripts.AgendaViewScript"/>
  <testcase name="agendaView_NP6458_02" time="55.554" classname="testScripts.AgendaViewScript"/>
</testsuite> <!-- testScripts.AgendaViewScript -->
