<?xml version="1.0" encoding="UTF-8"?>
<!-- Generated by org.testng.reporters.JUnitReportReporter -->
<testsuite hostname="inbasdlp04762" name="testScripts.SlugScripts" tests="2" failures="0" timestamp="17 Aug 2018 07:50:43 GMT" time="91.770" errors="0">
  <testcase name="login_NP6457_01" time="48.239" classname="testScripts.SlugScripts"/>
  <testcase name="slug_NP6621_03" time="43.531" classname="testScripts.SlugScripts"/>
</testsuite> <!-- testScripts.SlugScripts -->
