<?xml version="1.0" encoding="UTF-8"?>
<!-- Generated by org.testng.reporters.JUnitReportReporter -->
<testsuite hostname="DESKTOP-E3KURR6" failures="0" tests="5" name="testScripts.AmazonApp" time="81.169" errors="0" timestamp="19 Mar 2021 11:55:44 GMT">
  <testcase classname="testScripts.AmazonApp" name="clickOnSettings" time="18.050"/>
  <testcase classname="testScripts.AmazonApp" name="launchApp" time="8.283"/>
  <testcase classname="testScripts.AmazonApp" name="verifyCountryList" time="24.077"/>
  <testcase classname="testScripts.AmazonApp" name="verifyHamburgerClick" time="6.280"/>
  <testcase classname="testScripts.AmazonApp" name="changeCountry" time="24.479"/>
</testsuite> <!-- testScripts.AmazonApp -->
