<?xml version="1.0" encoding="UTF-8"?>
<!-- Generated by org.testng.reporters.JUnitReportReporter -->
<testsuite hostname="inbasdlp04762" name="testScripts.SlugScript" tests="10" failures="0" timestamp="24 Jun 2019 13:03:36 GMT" time="447.264" errors="0">
  <testcase name="slug_NP6622_02" time="73.377" classname="testScripts.SlugScript"/>
  <testcase name="slug_NP6621_01" time="15.876" classname="testScripts.SlugScript"/>
  <testcase name="slug_NP6622_04" time="18.218" classname="testScripts.SlugScript"/>
  <testcase name="slug_NP6621_03" time="51.361" classname="testScripts.SlugScript"/>
  <testcase name="slug_NP6622_01" time="15.169" classname="testScripts.SlugScript"/>
  <testcase name="slug_NP6621_05" time="53.251" classname="testScripts.SlugScript"/>
  <testcase name="slug_NP6621_04" time="28.568" classname="testScripts.SlugScript"/>
  <testcase name="slug_NP6622_05" time="145.495" classname="testScripts.SlugScript"/>
  <testcase name="slug_NP6622_03" time="18.470" classname="testScripts.SlugScript"/>
  <testcase name="slug_NP6621_02" time="27.479" classname="testScripts.SlugScript"/>
</testsuite> <!-- testScripts.SlugScript -->
