<?xml version="1.0" encoding="UTF-8"?>
<!-- Generated by org.testng.reporters.JUnitReportReporter -->
<testsuite hostname="inbasdlp04762" name="testScripts.AddPlanningNoteScript" tests="2" failures="0" timestamp="25 Jun 2019 08:20:05 GMT" time="200.041" errors="0">
  <testcase name="_16_addpn_NP6219_04" time="159.816" classname="testScripts.AddPlanningNoteScript"/>
  <testcase name="login_NP6457_01" time="40.225" classname="testScripts.AddPlanningNoteScript"/>
</testsuite> <!-- testScripts.AddPlanningNoteScript -->
